<?xml version="1.0" ?>
<!--
  Copyright 2001-2004 The Apache Software Foundation

  Licensed under the Apache License, Version 2.0 (the "License");
  you may not use this file except in compliance with the License.
  You may obtain a copy of the License at

       http://www.apache.org/licenses/LICENSE-2.0

  Unless required by applicable law or agreed to in writing, software
  distributed under the License is distributed on an "AS IS" BASIS,
  WITHOUT WARRANTIES OR CONDITIONS OF ANY KIND, either express or implied.
  See the License for the specific language governing permissions and
  limitations under the License.
-->
<module name="junitperf">

  <url href="http://www.clarkware.com/software/JUnitPerf.html"/>
  <description>JUnitPerf is a collection of JUnit test decorators used
  to measure the performance and scalability of functionality
  contained within existing JUnit tests.</description>

  <project name="junitperf">
    <package>com.clarkware.junitperf</package>

    <jar name="lib/junitperf.jar"/>
    <license name="LICENSE"/>
  </project>
</module>
