<module name="junit">

  <url  href="http://www.junit.org/"/>
  <description>
    Unit test framework
  </description>

  <cvs repository="sourceforge" host-prefix="cvs.JUnit" dir="junit"/>
  
  <project name="junit">
    <package>org.junit</package>

    <ant>
      <property name="dist" reference="home" project="junit"/>
    </ant>

    <depend project="bootstrap-ant"/>
    <depend project="xml-xerces"/>
    <work parent="dist/junit"/>

    <home parent="dist/junit"/>
    <jar name="junit.jar" id="junit"/>
    <javadoc parent="dist/junit/javadoc"/>
  </project>

</module>
