<?xml version="1.0" ?>
<!--
  Copyright 2001-2004 The Apache Software Foundation

  Licensed under the Apache License, Version 2.0 (the "License");
  you may not use this file except in compliance with the License.
  You may obtain a copy of the License at

       http://www.apache.org/licenses/LICENSE-2.0

  Unless required by applicable law or agreed to in writing, software
  distributed under the License is distributed on an "AS IS" BASIS,
  WITHOUT WARRANTIES OR CONDITIONS OF ANY KIND, either express or implied.
  See the License for the specific language governing permissions and
  limitations under the License.
-->
<module name="junit">

  <url  href="http://www.junit.org/"/>
  <description>
    Unit test framework
  </description>
  <redistributable/>

  <cvs repository="sourceforge" host-prefix="cvs.JUnit" dir="junit"/>
  
  <project name="junit">
    <package>org.junit</package>

    <ant>
      <property name="dist" reference="home" project="junit"/>
    </ant>

    <depend project="bootstrap-ant"/>
    <depend project="xml-xerces"/>
    <work parent="dist/junit"/>

    <home parent="dist/junit"/>
    <jar name="junit.jar" id="junit"/>
    <javadoc parent="dist/junit/javadoc"/>
  </project>

</module>
