<?xml version="1.0" ?>
<!--
  Copyright 2001-2004 The Apache Software Foundation

  Licensed under the Apache License, Version 2.0 (the "License");
  you may not use this file except in compliance with the License.
  You may obtain a copy of the License at

       http://www.apache.org/licenses/LICENSE-2.0

  Unless required by applicable law or agreed to in writing, software
  distributed under the License is distributed on an "AS IS" BASIS,
  WITHOUT WARRANTIES OR CONDITIONS OF ANY KIND, either express or implied.
  See the License for the specific language governing permissions and
  limitations under the License.
-->
<module name="junit-addons">

  <url href="http://junit-addons.sourceforge.net/"/>
  <description>
    Various JUnit addons and helper classes.
  </description>

  <cvs repository="sourceforge" host-prefix="cvs.junit-addons" dir="junit-addons"/>
  
  <redistributable/>

  <project name="junit-addons">

    <ant target="release">
      <property name="project.name" value="junit-addons"/>
      <property name="project.version" value="@@DATE@@"/>
    </ant>

    <depend project="ant" inherit="runtime"/>
    <depend project="xml-apis"/>
    <depend project="xml-xerces"/>
    <depend project="jdom"/>
    <depend project="junit"/>
    <depend project="jaxen"/>

    <work nested="build/classes"/>
    <work nested="build/classes-example"/>
    <jar name="dist/junit-addons-@@DATE@@.jar"/>
    <javadoc nested="dist/api"/>

    <license name="LICENSE"/>

    <nag from="Sam Ruby &lt;rubys@us.ibm.com&gt;"
         to="xindice-dev@xml.apache.org"/>
  </project>

</module>
